2024-04-27 12:36:20.526 [main] INFO  com.ra.server.Server - Starting server...
2024-04-27 12:36:21.143 [main] DEBUG org.jboss.logging - Logging Provider: org.jboss.logging.Log4j2LoggerProvider
2024-04-27 12:36:21.144 [main] INFO  org.hibernate.validator.internal.util.Version - HV000001: Hibernate Validator 6.2.0.Final
2024-04-27 12:36:21.164 [main] DEBUG org.hibernate.validator.internal.xml.config.ValidationXmlParser - Trying to load META-INF/validation.xml for XML based Validator configuration.
2024-04-27 12:36:21.167 [main] DEBUG org.hibernate.validator.internal.xml.config.ResourceLoaderHelper - Trying to load META-INF/validation.xml via TCCL
2024-04-27 12:36:21.168 [main] DEBUG org.hibernate.validator.internal.xml.config.ResourceLoaderHelper - Trying to load META-INF/validation.xml via Hibernate Validator's class loader
2024-04-27 12:36:21.169 [main] DEBUG org.hibernate.validator.internal.xml.config.ValidationXmlParser - No META-INF/validation.xml found. Using annotation based configuration only.
2024-04-27 12:36:21.177 [main] DEBUG org.hibernate.validator.internal.engine.resolver.TraversableResolvers - Cannot find javax.persistence.Persistence on classpath. Assuming non JPA 2 environment. All properties will per default be traversable.
2024-04-27 12:36:21.223 [main] DEBUG org.hibernate.validator.messageinterpolation.ResourceBundleMessageInterpolator - Loaded expression factory via original TCCL
2024-04-27 12:36:21.372 [main] DEBUG org.hibernate.validator.internal.engine.ValidatorFactoryConfigurationHelper - HV000252: Using org.hibernate.validator.internal.engine.DefaultPropertyNodeNameProvider as property node name provider.
2024-04-27 12:36:21.379 [main] DEBUG org.hibernate.validator.internal.engine.ValidatorFactoryConfigurationHelper - HV000234: Using org.hibernate.validator.messageinterpolation.ResourceBundleMessageInterpolator as ValidatorFactory-scoped message interpolator.
2024-04-27 12:36:21.383 [main] DEBUG org.hibernate.validator.internal.engine.ValidatorFactoryConfigurationHelper - HV000234: Using org.hibernate.validator.internal.engine.resolver.TraverseAllTraversableResolver as ValidatorFactory-scoped traversable resolver.
2024-04-27 12:36:21.383 [main] DEBUG org.hibernate.validator.internal.engine.ValidatorFactoryConfigurationHelper - HV000234: Using org.hibernate.validator.internal.util.ExecutableParameterNameProvider as ValidatorFactory-scoped parameter name provider.
2024-04-27 12:36:21.383 [main] DEBUG org.hibernate.validator.internal.engine.ValidatorFactoryConfigurationHelper - HV000234: Using org.hibernate.validator.internal.engine.DefaultClockProvider as ValidatorFactory-scoped clock provider.
2024-04-27 12:36:21.384 [main] DEBUG org.hibernate.validator.internal.engine.ValidatorFactoryConfigurationHelper - HV000234: Using org.hibernate.validator.internal.engine.scripting.DefaultScriptEvaluatorFactory as ValidatorFactory-scoped script evaluator factory.
2024-04-27 12:36:31.347 [main] INFO  com.ra.server.Comands.AllCommands.AddCommand - Added ticket
2024-04-27 12:36:43.648 [main] INFO  com.ra.server.Comands.AllCommands.AddCommand - Added ticket
2024-04-27 12:36:44.498 [main] INFO  com.ra.server.Comands.AllCommands.GroupCountingByTypeCommand - Done!
2024-04-27 12:36:51.558 [main] INFO  com.ra.server.Comands.AllCommands.HelpCommand - Done!
2024-04-27 12:36:58.420 [main] INFO  com.ra.server.Comands.AllCommands.PrintAscendingCommand - Done
2024-04-27 12:55:18.843 [main] INFO  com.ra.server.Comands.AllCommands.ShowCommand - Collection shown
2024-04-27 12:55:45.644 [main] INFO  com.ra.server.Comands.AllCommands.PrintAscendingCommand - Done
