2024-05-08 10:06:57.957 [main] INFO  com.ra.server.Server - Starting server...
2024-05-08 10:06:58.180 [main] DEBUG org.jboss.logging - Logging Provider: org.jboss.logging.Log4j2LoggerProvider
2024-05-08 10:06:58.181 [main] INFO  org.hibernate.validator.internal.util.Version - HV000001: Hibernate Validator 6.2.0.Final
2024-05-08 10:06:58.184 [main] DEBUG org.hibernate.validator.internal.xml.config.ValidationXmlParser - Trying to load META-INF/validation.xml for XML based Validator configuration.
2024-05-08 10:06:58.185 [main] DEBUG org.hibernate.validator.internal.xml.config.ResourceLoaderHelper - Trying to load META-INF/validation.xml via TCCL
2024-05-08 10:06:58.185 [main] DEBUG org.hibernate.validator.internal.xml.config.ResourceLoaderHelper - Trying to load META-INF/validation.xml via Hibernate Validator's class loader
2024-05-08 10:06:58.185 [main] DEBUG org.hibernate.validator.internal.xml.config.ValidationXmlParser - No META-INF/validation.xml found. Using annotation based configuration only.
2024-05-08 10:06:58.187 [main] DEBUG org.hibernate.validator.internal.engine.resolver.TraversableResolvers - Cannot find javax.persistence.Persistence on classpath. Assuming non JPA 2 environment. All properties will per default be traversable.
2024-05-08 10:06:58.198 [main] DEBUG org.hibernate.validator.messageinterpolation.ResourceBundleMessageInterpolator - Loaded expression factory via original TCCL
2024-05-08 10:06:58.242 [main] DEBUG org.hibernate.validator.internal.engine.ValidatorFactoryConfigurationHelper - HV000252: Using org.hibernate.validator.internal.engine.DefaultPropertyNodeNameProvider as property node name provider.
2024-05-08 10:06:58.244 [main] DEBUG org.hibernate.validator.internal.engine.ValidatorFactoryConfigurationHelper - HV000234: Using org.hibernate.validator.messageinterpolation.ResourceBundleMessageInterpolator as ValidatorFactory-scoped message interpolator.
2024-05-08 10:06:58.244 [main] DEBUG org.hibernate.validator.internal.engine.ValidatorFactoryConfigurationHelper - HV000234: Using org.hibernate.validator.internal.engine.resolver.TraverseAllTraversableResolver as ValidatorFactory-scoped traversable resolver.
2024-05-08 10:06:58.244 [main] DEBUG org.hibernate.validator.internal.engine.ValidatorFactoryConfigurationHelper - HV000234: Using org.hibernate.validator.internal.util.ExecutableParameterNameProvider as ValidatorFactory-scoped parameter name provider.
2024-05-08 10:06:58.244 [main] DEBUG org.hibernate.validator.internal.engine.ValidatorFactoryConfigurationHelper - HV000234: Using org.hibernate.validator.internal.engine.DefaultClockProvider as ValidatorFactory-scoped clock provider.
2024-05-08 10:06:58.245 [main] DEBUG org.hibernate.validator.internal.engine.ValidatorFactoryConfigurationHelper - HV000234: Using org.hibernate.validator.internal.engine.scripting.DefaultScriptEvaluatorFactory as ValidatorFactory-scoped script evaluator factory.
2024-05-08 10:07:31.133 [main] INFO  com.ra.server.comands.Command - Information about commands was issued to the client
2024-05-08 10:08:55.569 [main] INFO  com.ra.server.comands.allCommands.AddCommand - Added ticket
2024-05-08 10:08:55.572 [main] INFO  com.ra.server.comands.allCommands.InfoCommand - Done
2024-05-08 12:47:36.991 [main] INFO  com.ra.server.comands.Command - Information about commands was issued to the client
2024-05-08 16:37:09.658 [main] INFO  com.ra.server.comands.Command - Information about commands was issued to the client
2024-05-08 16:38:12.875 [main] INFO  com.ra.server.comands.Command - Information about commands was issued to the client
2024-05-08 16:39:19.578 [main] INFO  com.ra.server.comands.Command - Information about commands was issued to the client
2024-05-08 16:41:47.221 [main] INFO  com.ra.server.comands.Command - Information about commands was issued to the client
2024-05-08 16:42:25.596 [main] INFO  com.ra.server.comands.Command - Information about commands was issued to the client
2024-05-08 16:43:36.548 [main] INFO  com.ra.server.comands.Command - Information about commands was issued to the client
