2024-05-10 22:05:27.358 [main] INFO  com.ra.server.Server - Starting server...
2024-05-10 22:05:27.540 [main] DEBUG org.jboss.logging - Logging Provider: org.jboss.logging.Log4j2LoggerProvider
2024-05-10 22:05:27.540 [main] INFO  org.hibernate.validator.internal.util.Version - HV000001: Hibernate Validator 6.2.0.Final
2024-05-10 22:05:27.543 [main] DEBUG org.hibernate.validator.internal.xml.config.ValidationXmlParser - Trying to load META-INF/validation.xml for XML based Validator configuration.
2024-05-10 22:05:27.544 [main] DEBUG org.hibernate.validator.internal.xml.config.ResourceLoaderHelper - Trying to load META-INF/validation.xml via TCCL
2024-05-10 22:05:27.544 [main] DEBUG org.hibernate.validator.internal.xml.config.ResourceLoaderHelper - Trying to load META-INF/validation.xml via Hibernate Validator's class loader
2024-05-10 22:05:27.544 [main] DEBUG org.hibernate.validator.internal.xml.config.ValidationXmlParser - No META-INF/validation.xml found. Using annotation based configuration only.
2024-05-10 22:05:27.546 [main] DEBUG org.hibernate.validator.internal.engine.resolver.TraversableResolvers - Cannot find javax.persistence.Persistence on classpath. Assuming non JPA 2 environment. All properties will per default be traversable.
2024-05-10 22:05:27.556 [main] DEBUG org.hibernate.validator.messageinterpolation.ResourceBundleMessageInterpolator - Loaded expression factory via original TCCL
2024-05-10 22:05:27.618 [main] DEBUG org.hibernate.validator.internal.engine.ValidatorFactoryConfigurationHelper - HV000252: Using org.hibernate.validator.internal.engine.DefaultPropertyNodeNameProvider as property node name provider.
2024-05-10 22:05:27.619 [main] DEBUG org.hibernate.validator.internal.engine.ValidatorFactoryConfigurationHelper - HV000234: Using org.hibernate.validator.messageinterpolation.ResourceBundleMessageInterpolator as ValidatorFactory-scoped message interpolator.
2024-05-10 22:05:27.620 [main] DEBUG org.hibernate.validator.internal.engine.ValidatorFactoryConfigurationHelper - HV000234: Using org.hibernate.validator.internal.engine.resolver.TraverseAllTraversableResolver as ValidatorFactory-scoped traversable resolver.
2024-05-10 22:05:27.620 [main] DEBUG org.hibernate.validator.internal.engine.ValidatorFactoryConfigurationHelper - HV000234: Using org.hibernate.validator.internal.util.ExecutableParameterNameProvider as ValidatorFactory-scoped parameter name provider.
2024-05-10 22:05:27.620 [main] DEBUG org.hibernate.validator.internal.engine.ValidatorFactoryConfigurationHelper - HV000234: Using org.hibernate.validator.internal.engine.DefaultClockProvider as ValidatorFactory-scoped clock provider.
2024-05-10 22:05:27.620 [main] DEBUG org.hibernate.validator.internal.engine.ValidatorFactoryConfigurationHelper - HV000234: Using org.hibernate.validator.internal.engine.scripting.DefaultScriptEvaluatorFactory as ValidatorFactory-scoped script evaluator factory.
2024-05-10 22:06:06.408 [main] INFO  com.ra.server.comands.Command - Information about commands was issued to the client
2024-05-10 22:13:51.561 [main] INFO  com.ra.server.comands.Command - Information about commands was issued to the client
2024-05-10 22:13:52.951 [main] INFO  com.ra.server.comands.allCommands.InfoCommand - Done
2024-05-10 22:14:05.428 [main] INFO  com.ra.server.comands.allCommands.AddCommand - Added ticket
2024-05-10 22:14:05.429 [main] INFO  com.ra.server.comands.allCommands.InfoCommand - Done
2024-05-10 22:16:52.073 [main] INFO  com.ra.server.comands.Command - Information about commands was issued to the client
2024-05-10 22:16:59.976 [main] INFO  com.ra.server.comands.allCommands.AddCommand - Added ticket
2024-05-10 22:16:59.977 [main] INFO  com.ra.server.comands.allCommands.InfoCommand - Done
2024-05-10 22:27:35.523 [main] INFO  com.ra.server.comands.Command - Information about commands was issued to the client
2024-05-10 22:27:47.284 [main] INFO  com.ra.server.comands.allCommands.AddCommand - Added ticket
2024-05-10 22:27:56.236 [main] INFO  com.ra.server.comands.allCommands.AddCommand - Added ticket
2024-05-10 22:27:56.238 [main] INFO  com.ra.server.comands.allCommands.InfoCommand - Done
2024-05-10 22:28:02.344 [main] INFO  com.ra.server.comands.allCommands.ShowCommand - Collection shown
2024-05-10 22:38:09.440 [main] INFO  com.ra.server.comands.Command - Information about commands was issued to the client
2024-05-10 22:38:20.901 [main] INFO  com.ra.server.comands.allCommands.HelpCommand - Done!
2024-05-10 22:38:20.975 [main] INFO  com.ra.server.comands.allCommands.AddCommand - Added ticket
2024-05-10 22:38:20.978 [main] INFO  com.ra.server.comands.allCommands.InfoCommand - Done
2024-05-10 22:38:44.470 [main] INFO  com.ra.server.comands.allCommands.ShowCommand - Collection shown
2024-05-10 22:38:47.575 [main] INFO  com.ra.server.comands.allCommands.ClearCommand - Collection cleared
2024-05-10 22:38:48.590 [main] INFO  com.ra.server.comands.allCommands.ShowCommand - Collection shown
2024-05-10 22:38:49.964 [main] INFO  com.ra.server.comands.allCommands.HelpCommand - Done!
2024-05-10 22:38:49.970 [main] INFO  com.ra.server.comands.allCommands.AddCommand - Added ticket
2024-05-10 22:38:49.971 [main] INFO  com.ra.server.comands.allCommands.InfoCommand - Done
2024-05-10 22:38:51.611 [main] INFO  com.ra.server.comands.allCommands.ShowCommand - Collection shown
2024-05-10 22:40:57.246 [main] INFO  com.ra.server.comands.Command - Information about commands was issued to the client
2024-05-10 22:42:36.944 [main] INFO  com.ra.server.comands.Command - Information about commands was issued to the client
2024-05-10 22:42:48.195 [main] INFO  com.ra.server.comands.allCommands.HelpCommand - Done!
2024-05-10 22:42:48.252 [main] INFO  com.ra.server.comands.allCommands.AddCommand - Added ticket
2024-05-10 22:42:48.253 [main] INFO  com.ra.server.comands.allCommands.InfoCommand - Done
2024-05-10 23:02:34.410 [main] INFO  com.ra.server.comands.Command - Information about commands was issued to the client
2024-05-10 23:02:51.530 [main] INFO  com.ra.server.comands.allCommands.HelpCommand - Done!
2024-05-10 23:02:51.589 [main] INFO  com.ra.server.comands.allCommands.AddCommand - Added ticket
2024-05-10 23:02:51.590 [main] INFO  com.ra.server.comands.allCommands.InfoCommand - Done
2024-05-10 23:07:21.002 [main] INFO  com.ra.server.comands.Command - Information about commands was issued to the client
2024-05-10 23:07:21.843 [main] INFO  com.ra.server.comands.allCommands.HelpCommand - Done!
2024-05-10 23:07:21.898 [main] INFO  com.ra.server.comands.allCommands.AddCommand - Added ticket
2024-05-10 23:07:21.900 [main] INFO  com.ra.server.comands.allCommands.InfoCommand - Done
